<?xml version="1.0" encoding="UTF-8"?>
<!-- Generated by org.testng.reporters.JUnitReportReporter -->
<testsuite hostname="LAPTOP-V8O1D3KO" failures="0" tests="3" name="Maven_examples_healthcart.HK_signup" time="12.585" errors="0" timestamp="25 Jan 2019 07:06:57 GMT" skipped="1">
  <testcase classname="Maven_examples_healthcart.HK_signup" name="signup_withgoogle" time="11.282"/>
  <testcase classname="Maven_examples_healthcart.HK_signup" name="print_all_module" time="1.303"/>
  <testcase classname="Maven_examples_healthcart.HK_signup" name="cxsignup">
    <skipped/>
  </testcase> <!-- cxsignup -->
</testsuite> <!-- Maven_examples_healthcart.HK_signup -->
