<?xml version="1.0" encoding="UTF-8"?>
<!-- Generated by org.testng.reporters.JUnitReportReporter -->
<testsuite hostname="LAPTOP-V8O1D3KO" failures="0" tests="1" name="Maven_examples.Excelsheet_trail" time="0.000" errors="0" timestamp="15 Jan 2019 08:12:41 GMT" skipped="1">
  <testcase classname="Maven_examples.Excelsheet_trail" name="fillUserForm" time="0.000">
    <skipped/>
  </testcase> <!-- fillUserForm -->
</testsuite> <!-- Maven_examples.Excelsheet_trail -->
