<?xml version="1.0" encoding="UTF-8"?>
<!-- Generated by org.testng.reporters.JUnitReportReporter -->
<testsuite hostname="LAPTOP-V8O1D3KO" failures="0" tests="1" name="Maven_examples.dpusingXcel" time="16.268" errors="0" timestamp="19 Feb 2019 06:33:25 GMT" skipped="0">
  <testcase classname="Maven_examples.dpusingXcel" name="testlogin" time="16.268"/>
</testsuite> <!-- Maven_examples.dpusingXcel -->
